Traceback (most recent call last):
  File "C:\Users\Mizuyu\.conda\envs\myenv\Lib\site-packages\pandas\compat\_optional.py", line 135, in import_optional_dependency
    module = importlib.import_module(name)
             ^^^^^^^^^^^^^^^^^^^^^^^^^^^^^
  File "C:\Users\Mizuyu\.conda\envs\myenv\Lib\importlib\__init__.py", line 90, in import_module
    return _bootstrap._gcd_import(name[level:], package, level)
           ^^^^^^^^^^^^^^^^^^^^^^^^^^^^^^^^^^^^^^^^^^^^^^^^^^^^
  File "<frozen importlib._bootstrap>", line 1387, in _gcd_import
  File "<frozen importlib._bootstrap>", line 1360, in _find_and_load
  File "<frozen importlib._bootstrap>", line 1310, in _find_and_load_unlocked
  File "<frozen importlib._bootstrap>", line 488, in _call_with_frames_removed
  File "<frozen importlib._bootstrap>", line 1387, in _gcd_import
  File "<frozen importlib._bootstrap>", line 1360, in _find_and_load
  File "<frozen importlib._bootstrap>", line 1324, in _find_and_load_unlocked
ModuleNotFoundError: No module named 'lxml'

During handling of the above exception, another exception occurred:

Traceback (most recent call last):
  File "D:\code\myproject\myapp\rice_crawler.py", line 45, in main
    df = fetch_rice_data()
         ^^^^^^^^^^^^^^^^^
  File "D:\code\myproject\myapp\rice_crawler.py", line 36, in fetch_rice_data
    tables = pd.read_html(r.text)
             ^^^^^^^^^^^^^^^^^^^^
  File "C:\Users\Mizuyu\.conda\envs\myenv\Lib\site-packages\pandas\io\html.py", line 1240, in read_html
    return _parse(
           ^^^^^^^
  File "C:\Users\Mizuyu\.conda\envs\myenv\Lib\site-packages\pandas\io\html.py", line 971, in _parse
    parser = _parser_dispatch(flav)
             ^^^^^^^^^^^^^^^^^^^^^^
  File "C:\Users\Mizuyu\.conda\envs\myenv\Lib\site-packages\pandas\io\html.py", line 918, in _parser_dispatch
    import_optional_dependency("lxml.etree")
  File "C:\Users\Mizuyu\.conda\envs\myenv\Lib\site-packages\pandas\compat\_optional.py", line 138, in import_optional_dependency
    raise ImportError(msg)
ImportError: Missing optional dependency 'lxml'.  Use pip or conda to install lxml.
